[INF|CNTNR|___|_] Feature flags 00000000, entrypoint f6a117af
[INF|RUNTM|___|_] BlockCache initialized @0xf5aa9088
[INF|RUNTM|___|_] BlockCache hashtable @0xf4a69000
[INF|BRHND|___|_] [BranchHandler] next instr 0xf6a117af
[INF|BRHND|___|_] [Parent] BH direction advance
[DBG|_____|___|_] ## this: f5aa90ac
[INF|CNTNR|___|_] Added detour from 0xf6bdb6c0 to 0xf6b213b0
[DBG|_____|___|_] ## this: f5aa90ac
[INF|CNTNR|___|_] Added detour from 0xf6bd9510 to 0xf6b213b0
[DBG|_____|___|_] ## this: f5aa90ac
[INF|CNTNR|___|_] Added detour from 0xf6bcec40 to 0xf6b213b0
[DBG|_____|___|_] ## this: f5aa90ac
[INF|CNTNR|___|_] Added detour from 0xf6bce740 to 0xf6b21440
[DBG|_____|___|_] ## this: f5aa90ac
[INF|CNTNR|___|_] Added detour from 0xf6bcd540 to 0xf6b21440
[DBG|_____|___|_] ## this: f5aa90ac
[INF|CNTNR|___|_] Added detour from 0xf6b39970 to 0xf6b20c80
[DBG|_____|___|_] ## this: f5aa90ac
[INF|CNTNR|___|_] Added detour from 0xf6be8e20 to 0xf6b20c80
[DBG|_____|___|_] ## this: f5aa90ac
[INF|CNTNR|___|_] Added detour from 0xf6be4c80 to 0xf6b20e60
[DBG|_____|___|_] ## this: f5aa90ac
[INF|CNTNR|___|_] Added detour from 0xf6be6a40 to 0xf6b20e60
[DBG|_____|___|_] ## this: f5aa90ac
[INF|CNTNR|___|_] Added detour from 0xf6bd83e0 to 0xf6b211a0
[DBG|_____|___|_] ## this: f5aa90ac
[INF|CNTNR|___|_] Added detour from 0xf6bd41b0 to 0xf6b211a0
[DBG|_____|___|_] ## this: f5aa90ac
[INF|CNTNR|___|_] Added detour from 0xf6bcfa20 to 0xf6b211a0
[DBG|_____|___|_] ## this: f5aa90ac
[INF|CNTNR|___|_] Added detour from 0xf6bd83f0 to 0xf6b211b0
[DBG|_____|___|_] ## this: f5aa90ac
[INF|CNTNR|___|_] Added detour from 0xf6bd41c0 to 0xf6b211b0
[DBG|_____|___|_] ## this: f5aa90ac
[INF|CNTNR|___|_] Added detour from 0xf6bcfa30 to 0xf6b211b0
[DBG|_____|___|_] ## this: f5aa90ac
[INF|CNTNR|___|_] Added detour from 0xf6b39cc0 to 0xf6b3a060
[DBG|_____|___|_] ## this: f5aa90ac
[INF|CNTNR|___|_] Added detour from 0xf6be9390 to 0xf6b3a060
[DBG|_____|___|_] ## this: f5aa90ac
[INF|CNTNR|___|_] Added detour from 0xf6bce1b0 to 0xf6b21250
[DBG|_____|___|_] ## this: f5aa90ac
[INF|CNTNR|___|_] Added detour from 0xf6bcdb30 to 0xf6b21250
[DBG|_____|___|_] ## this: f5aa90ac
[INF|CNTNR|___|_] Added detour from 0xf6bce1c0 to 0xf6b21260
[DBG|_____|___|_] ## this: f5aa90ac
[INF|CNTNR|___|_] Added detour from 0xf6bcdb40 to 0xf6b21260
[DBG|_____|___|_] ## this: f5aa90ac
[INF|CNTNR|___|_] Added detour from 0xf6b3a130 to 0xf6b233f0
[DBG|_____|___|_] ## this: f5aa90ac
[INF|CNTNR|___|_] Added detour from 0xf6be9b30 to 0xf6b233f0
[DBG|_____|___|_] ## this: f5aa90ac
[INF|CNTNR|___|_] Added detour from 0xf6b2e3f0 to 0xf6b21610
[DBG|_____|___|_] ## this: f5aa90ac
[INF|CNTNR|___|_] Added detour from 0xf6b32c90 to 0xf6b21610
[DBG|_____|___|_] ## this: f5aa90ac
[INF|CNTNR|___|_] Added detour from 0xf6b2cb80 to 0xf6b21530
[DBG|_____|___|_] ## this: f5aa90ac
[INF|CNTNR|___|_] Added detour from 0xf6b32680 to 0xf6b21530
[DBG|_____|___|_] ## this: f5aa90ac
[INF|CNTNR|___|_] Added detour from 0xf6be5810 to 0xf6b3a440
[DBG|_____|___|_] ## this: f5aa90ac
[INF|CNTNR|___|_] Added detour from 0xf6bdf620 to 0xf6b3a440
[DBG|_____|___|_] ## this: f5aa90ac
[INF|CNTNR|___|_] Added detour from 0xf6be5840 to 0xf6b3a3f0
[DBG|_____|___|_] ## this: f5aa90ac
[INF|CNTNR|___|_] Added detour from 0xf6bdf650 to 0xf6b3a3f0
[DBG|_____|___|_] ## this: f5aa90ac
[INF|CNTNR|___|_] Added detour from 0xf6b33d80 to 0xf6b1eda0
[DBG|_____|___|_] ## this: f5aa90ac
[INF|CNTNR|___|_] Added detour from 0xf6b357f0 to 0xf6b1eda0
[DBG|_____|___|_] ## this: f5aa90ac
[INF|CNTNR|___|_] Added detour from 0xf6b39670 to 0xf6b1ef90
[DBG|_____|___|_] ## this: f5aa90ac
[INF|CNTNR|___|_] Added detour from 0xf6be8410 to 0xf6b1ef90
[DBG|_____|___|_] ## this: f5aa90ac
[INF|CNTNR|___|_] Added detour from 0xf6be46b0 to 0xf6b1f1a0
[DBG|_____|___|_] ## this: f5aa90ac
[INF|CNTNR|___|_] Added detour from 0xf6bdc7c0 to 0xf6b1f1a0
[DBG|_____|___|_] ## this: f5aa90ac
[INF|CNTNR|___|_] Added detour from 0xf6b287c0 to 0xf6b1f250
[DBG|_____|___|_] ## this: f5aa90ac
[INF|CNTNR|___|_] Added detour from 0xf6b31060 to 0xf6b1f250
[DBG|_____|___|_] ## this: f5aa90ac
[INF|CNTNR|___|_] Added detour from 0xf6be62c0 to 0xf6b1f310
[DBG|_____|___|_] ## this: f5aa90ac
[INF|CNTNR|___|_] Added detour from 0xf6be5d10 to 0xf6b3a500
[DBG|_____|___|_] ## this: f5aa90ac
[INF|CNTNR|___|_] Added detour from 0xf6be1b30 to 0xf6b3a500
[DBG|_____|___|_] ## this: f5aa90ac
[INF|CNTNR|___|_] Added detour from 0xf6be5d40 to 0xf6b3a4a0
[DBG|_____|___|_] ## this: f5aa90ac
[INF|CNTNR|___|_] Added detour from 0xf6be1b60 to 0xf6b3a4a0
[DBG|_____|___|_] ## this: f5aa90ac
[INF|CNTNR|___|_] Added detour from 0xf6b36080 to 0xf6b39620
[DBG|_____|___|_] ## this: f5aa90ac
[INF|CNTNR|___|_] Added detour from 0xf6b389f0 to 0xf6b39620
[DBG|_____|___|_] ## this: f5aa90ac
[INF|CNTNR|___|_] Added detour from 0xf6b2a010 to 0xf6b28760
[DBG|_____|___|_] ## this: f5aa90ac
[INF|CNTNR|___|_] Added detour from 0xf6b31650 to 0xf6b28760
[DBG|_____|___|_] ## this: f5aa90ac
[INF|CNTNR|___|_] Added detour from 0xf6be9e50 to 0xf6b3a350
[DBG|_____|___|_] ## this: f5aa90ac
[INF|CNTNR|___|_] Added detour from 0xf6be6430 to 0xf6b1fc30
[DBG|_____|___|_] ## this: f5aa90ac
[INF|CNTNR|___|_] Added detour from 0xf6b39780 to 0xf6b1fa40
[DBG|_____|___|_] ## this: f5aa90ac
[INF|CNTNR|___|_] Added detour from 0xf6be87f0 to 0xf6b1fa40
[DBG|_____|___|_] ## this: f5aa90ac
[INF|CNTNR|___|_] Added detour from 0xf6be6570 to 0xf6b1ffd0
[DBG|_____|___|_] ## this: f5aa90ac
[INF|CNTNR|___|_] Added detour from 0xf6beab40 to 0xf6b4a710
[DBG|_____|___|_] ## this: f5aa90ac
[INF|CNTNR|___|_] Added detour from 0xf6b496b0 to 0xf6b4a3a0
[DBG|_____|___|_] ## this: f5aa90ac
[INF|CNTNR|___|_] Added detour from 0xf6beafe0 to 0xf6b4a760
[DBG|_____|___|_] ## this: f5aa90ac
[INF|CNTNR|___|_] Added detour from 0xf6b4a3e0 to 0xf6b4a5e0
[DBG|_____|___|_] ## this: f5aa90ac
[INF|CNTNR|___|_] Added detour from 0xf6bead20 to 0xf6b4a740
[DBG|_____|___|_] ## this: f5aa90ac
[INF|CNTNR|___|_] Added detour from 0xf6be66a0 to 0xf6b4a650
[DBG|_____|___|_] ## this: f5aa90ac
[INF|CNTNR|___|_] Added detour from 0xf6bea540 to 0xf6b4a650
[DBG|_____|___|_] ## this: f5aa90ac
[INF|CNTNR|___|_] Added detour from 0xf6bd6410 to 0xf6b218c0
[DBG|_____|___|_] ## this: f5aa90ac
[INF|CNTNR|___|_] Added detour from 0xf6bd01d0 to 0xf6b218c0
[DBG|_____|___|_] ## this: f5aa90ac
[INF|CNTNR|___|_] Added detour from 0xf6bcf3e0 to 0xf6b218c0
[DBG|_____|___|_] ## this: f5aa90ac
[INF|CNTNR|___|_] Added detour from 0xf6bd6420 to 0xf6b218d0
[DBG|_____|___|_] ## this: f5aa90ac
[INF|CNTNR|___|_] Added detour from 0xf6bd01e0 to 0xf6b218d0
[DBG|_____|___|_] ## this: f5aa90ac
[INF|CNTNR|___|_] Added detour from 0xf6bcf3f0 to 0xf6b218d0
[DBG|_____|___|_] ## this: f5aa90ac
[INF|CNTNR|___|_] Added detour from 0xf6bd73f0 to 0xf6b21310
[DBG|_____|___|_] ## this: f5aa90ac
[INF|CNTNR|___|_] Added detour from 0xf6bd21d0 to 0xf6b21310
[DBG|_____|___|_] ## this: f5aa90ac
[INF|CNTNR|___|_] Added detour from 0xf6bcf700 to 0xf6b21310
[DBG|_____|___|_] ## this: f5aa90ac
[INF|CNTNR|___|_] Added detour from 0xf6bd7400 to 0xf6b21320
[DBG|_____|___|_] ## this: f5aa90ac
[INF|CNTNR|___|_] Added detour from 0xf6bd21e0 to 0xf6b21320
[DBG|_____|___|_] ## this: f5aa90ac
[INF|CNTNR|___|_] Added detour from 0xf6bcf710 to 0xf6b21320
[DBG|_____|___|_] ## this: f5aa90ac
[INF|CNTNR|___|_] Added detour from 0xf6b28690 to 0xf6b1f820
[DBG|_____|___|_] ## this: f5aa90ac
[INF|CNTNR|___|_] Added detour from 0xf6be80f0 to 0xf6b1f820
[DBG|_____|___|_] ## this: f5aa90ac
[INF|CNTNR|___|_] Added detour from 0xf6be4940 to 0xf6b285d0
[DBG|_____|___|_] ## this: f5aa90ac
[INF|CNTNR|___|_] Added detour from 0xf6bddc30 to 0xf6b285d0
[DBG|_____|___|_] ## this: f5aa90ac
[INF|CNTNR|___|_] Added detour from 0xf6bdb6c0 to 0xf6b213b0
[DBG|_____|___|_] ## this: f5aa90ac
[INF|CNTNR|___|_] Added detour from 0xf6bd9510 to 0xf6b213b0
[DBG|_____|___|_] ## this: f5aa90ac
[INF|CNTNR|___|_] Added detour from 0xf6bcec40 to 0xf6b213b0
[DBG|_____|___|_] ## this: f5aa90ac
[INF|CNTNR|___|_] Added detour from 0xf6bce740 to 0xf6b21440
[DBG|_____|___|_] ## this: f5aa90ac
[INF|CNTNR|___|_] Added detour from 0xf6bcd540 to 0xf6b21440
[DBG|_____|___|_] ## this: f5aa90ac
[INF|CNTNR|___|_] Added detour from 0xf6b39970 to 0xf6b20c80
[DBG|_____|___|_] ## this: f5aa90ac
[INF|CNTNR|___|_] Added detour from 0xf6be8e20 to 0xf6b20c80
[DBG|_____|___|_] ## this: f5aa90ac
[INF|CNTNR|___|_] Added detour from 0xf6be4c80 to 0xf6b20e60
[DBG|_____|___|_] ## this: f5aa90ac
[INF|CNTNR|___|_] Added detour from 0xf6be6a40 to 0xf6b20e60
[DBG|_____|___|_] ## this: f5aa90ac
[INF|CNTNR|___|_] Added detour from 0xf6bd83e0 to 0xf6b211a0
[DBG|_____|___|_] ## this: f5aa90ac
[INF|CNTNR|___|_] Added detour from 0xf6bd41b0 to 0xf6b211a0
[DBG|_____|___|_] ## this: f5aa90ac
[INF|CNTNR|___|_] Added detour from 0xf6bcfa20 to 0xf6b211a0
[DBG|_____|___|_] ## this: f5aa90ac
[INF|CNTNR|___|_] Added detour from 0xf6bd83f0 to 0xf6b211b0
[DBG|_____|___|_] ## this: f5aa90ac
[INF|CNTNR|___|_] Added detour from 0xf6bd41c0 to 0xf6b211b0
[DBG|_____|___|_] ## this: f5aa90ac
[INF|CNTNR|___|_] Added detour from 0xf6bcfa30 to 0xf6b211b0
[DBG|_____|___|_] ## this: f5aa90ac
[INF|CNTNR|___|_] Added detour from 0xf6b39cc0 to 0xf6b3a060
[DBG|_____|___|_] ## this: f5aa90ac
[INF|CNTNR|___|_] Added detour from 0xf6be9390 to 0xf6b3a060
[DBG|_____|___|_] ## this: f5aa90ac
[INF|CNTNR|___|_] Added detour from 0xf6bce1b0 to 0xf6b21250
[DBG|_____|___|_] ## this: f5aa90ac
[INF|CNTNR|___|_] Added detour from 0xf6bcdb30 to 0xf6b21250
[DBG|_____|___|_] ## this: f5aa90ac
[INF|CNTNR|___|_] Added detour from 0xf6bce1c0 to 0xf6b21260
[DBG|_____|___|_] ## this: f5aa90ac
[INF|CNTNR|___|_] Added detour from 0xf6bcdb40 to 0xf6b21260
[DBG|_____|___|_] ## this: f5aa90ac
[INF|CNTNR|___|_] Added detour from 0xf6b3a130 to 0xf6b233f0
[DBG|_____|___|_] ## this: f5aa90ac
[INF|CNTNR|___|_] Added detour from 0xf6be9b30 to 0xf6b233f0
[DBG|_____|___|_] ## this: f5aa90ac
[INF|CNTNR|___|_] Added detour from 0xf6b2e3f0 to 0xf6b21610
[DBG|_____|___|_] ## this: f5aa90ac
[INF|CNTNR|___|_] Added detour from 0xf6b32c90 to 0xf6b21610
[DBG|_____|___|_] ## this: f5aa90ac
[INF|CNTNR|___|_] Added detour from 0xf6b2cb80 to 0xf6b21530
[DBG|_____|___|_] ## this: f5aa90ac
[INF|CNTNR|___|_] Added detour from 0xf6b32680 to 0xf6b21530
[DBG|_____|___|_] ## this: f5aa90ac
[INF|CNTNR|___|_] Added detour from 0xf6be5810 to 0xf6b3a440
[DBG|_____|___|_] ## this: f5aa90ac
[INF|CNTNR|___|_] Added detour from 0xf6bdf620 to 0xf6b3a440
[DBG|_____|___|_] ## this: f5aa90ac
[INF|CNTNR|___|_] Added detour from 0xf6be5840 to 0xf6b3a3f0
[DBG|_____|___|_] ## this: f5aa90ac
[INF|CNTNR|___|_] Added detour from 0xf6bdf650 to 0xf6b3a3f0
[DBG|_____|___|_] ## this: f5aa90ac
[INF|CNTNR|___|_] Added detour from 0xf6b33d80 to 0xf6b1eda0
[DBG|_____|___|_] ## this: f5aa90ac
[INF|CNTNR|___|_] Added detour from 0xf6b357f0 to 0xf6b1eda0
[DBG|_____|___|_] ## this: f5aa90ac
[INF|CNTNR|___|_] Added detour from 0xf6b39670 to 0xf6b1ef90
[DBG|_____|___|_] ## this: f5aa90ac
[INF|CNTNR|___|_] Added detour from 0xf6be8410 to 0xf6b1ef90
[DBG|_____|___|_] ## this: f5aa90ac
[INF|CNTNR|___|_] Added detour from 0xf6be46b0 to 0xf6b1f1a0
[DBG|_____|___|_] ## this: f5aa90ac
[INF|CNTNR|___|_] Added detour from 0xf6bdc7c0 to 0xf6b1f1a0
[DBG|_____|___|_] ## this: f5aa90ac
[INF|CNTNR|___|_] Added detour from 0xf6b287c0 to 0xf6b1f250
[DBG|_____|___|_] ## this: f5aa90ac
[INF|CNTNR|___|_] Added detour from 0xf6b31060 to 0xf6b1f250
[DBG|_____|___|_] ## this: f5aa90ac
[INF|CNTNR|___|_] Added detour from 0xf6be62c0 to 0xf6b1f310
[DBG|_____|___|_] ## this: f5aa90ac
[INF|CNTNR|___|_] Added detour from 0xf6be5d10 to 0xf6b3a500
[DBG|_____|___|_] ## this: f5aa90ac
[INF|CNTNR|___|_] Added detour from 0xf6be1b30 to 0xf6b3a500
[DBG|_____|___|_] ## this: f5aa90ac
[INF|CNTNR|___|_] Added detour from 0xf6be5d40 to 0xf6b3a4a0
[DBG|_____|___|_] ## this: f5aa90ac
[INF|CNTNR|___|_] Added detour from 0xf6be1b60 to 0xf6b3a4a0
[DBG|_____|___|_] ## this: f5aa90ac
[INF|CNTNR|___|_] Added detour from 0xf6b36080 to 0xf6b39620
[DBG|_____|___|_] ## this: f5aa90ac
[INF|CNTNR|___|_] Added detour from 0xf6b389f0 to 0xf6b39620
[DBG|_____|___|_] ## this: f5aa90ac
[INF|CNTNR|___|_] Added detour from 0xf6b2a010 to 0xf6b28760
[DBG|_____|___|_] ## this: f5aa90ac
[INF|CNTNR|___|_] Added detour from 0xf6b31650 to 0xf6b28760
[DBG|_____|___|_] ## this: f5aa90ac
[INF|CNTNR|___|_] Added detour from 0xf6be9e50 to 0xf6b3a350
[DBG|_____|___|_] ## this: f5aa90ac
[INF|CNTNR|___|_] Added detour from 0xf6be6430 to 0xf6b1fc30
[DBG|_____|___|_] ## this: f5aa90ac
[INF|CNTNR|___|_] Added detour from 0xf6b39780 to 0xf6b1fa40
[DBG|_____|___|_] ## this: f5aa90ac
[INF|CNTNR|___|_] Added detour from 0xf6be87f0 to 0xf6b1fa40
[DBG|_____|___|_] ## this: f5aa90ac
[INF|CNTNR|___|_] Added detour from 0xf6be6570 to 0xf6b1ffd0
[DBG|_____|___|_] ## this: f5aa90ac
[INF|CNTNR|___|_] Added detour from 0xf6beab40 to 0xf6b4a710
[DBG|_____|___|_] ## this: f5aa90ac
[INF|CNTNR|___|_] Added detour from 0xf6b496b0 to 0xf6b4a3a0
[DBG|_____|___|_] ## this: f5aa90ac
[INF|CNTNR|___|_] Added detour from 0xf6beafe0 to 0xf6b4a760
[DBG|_____|___|_] ## this: f5aa90ac
[INF|CNTNR|___|_] Added detour from 0xf6b4a3e0 to 0xf6b4a5e0
[DBG|_____|___|_] ## this: f5aa90ac
[INF|CNTNR|___|_] Added detour from 0xf6bead20 to 0xf6b4a740
[DBG|_____|___|_] ## this: f5aa90ac
[INF|CNTNR|___|_] Added detour from 0xf6be66a0 to 0xf6b4a650
[DBG|_____|___|_] ## this: f5aa90ac
[INF|CNTNR|___|_] Added detour from 0xf6bea540 to 0xf6b4a650
[DBG|_____|___|_] ## this: f5aa90ac
[INF|CNTNR|___|_] Added detour from 0xf6bd6410 to 0xf6b218c0
[DBG|_____|___|_] ## this: f5aa90ac
[INF|CNTNR|___|_] Added detour from 0xf6bd01d0 to 0xf6b218c0
[DBG|_____|___|_] ## this: f5aa90ac
[INF|CNTNR|___|_] Added detour from 0xf6bcf3e0 to 0xf6b218c0
[DBG|_____|___|_] ## this: f5aa90ac
[INF|CNTNR|___|_] Added detour from 0xf6bd6420 to 0xf6b218d0
[DBG|_____|___|_] ## this: f5aa90ac
[INF|CNTNR|___|_] Added detour from 0xf6bd01e0 to 0xf6b218d0
[DBG|_____|___|_] ## this: f5aa90ac
[INF|CNTNR|___|_] Added detour from 0xf6bcf3f0 to 0xf6b218d0
[DBG|_____|___|_] ## this: f5aa90ac
[INF|CNTNR|___|_] Added detour from 0xf6bd73f0 to 0xf6b21310
[DBG|_____|___|_] ## this: f5aa90ac
[INF|CNTNR|___|_] Added detour from 0xf6bd21d0 to 0xf6b21310
[DBG|_____|___|_] ## this: f5aa90ac
[INF|CNTNR|___|_] Added detour from 0xf6bcf700 to 0xf6b21310
[DBG|_____|___|_] ## this: f5aa90ac
[INF|CNTNR|___|_] Added detour from 0xf6bd7400 to 0xf6b21320
[DBG|_____|___|_] ## this: f5aa90ac
[INF|CNTNR|___|_] Added detour from 0xf6bd21e0 to 0xf6b21320
[DBG|_____|___|_] ## this: f5aa90ac
[INF|CNTNR|___|_] Added detour from 0xf6bcf710 to 0xf6b21320
[DBG|_____|___|_] ## this: f5aa90ac
[INF|CNTNR|___|_] Added detour from 0xf6b28690 to 0xf6b1f820
[DBG|_____|___|_] ## this: f5aa90ac
[INF|CNTNR|___|_] Added detour from 0xf6be80f0 to 0xf6b1f820
[DBG|_____|___|_] ## this: f5aa90ac
[INF|CNTNR|___|_] Added detour from 0xf6be4940 to 0xf6b285d0
[DBG|_____|___|_] ## this: f5aa90ac
[INF|CNTNR|___|_] Added detour from 0xf6bddc30 to 0xf6b285d0
[DBG|_____|___|_] ## this: f5aa90ac
[INF|CNTNR|___|_] STOPPER: 0xf672aeee.
[INF|BRHND|___|_] [BranchHandler] next instr 0xf6a116e0
[INF|BRHND|___|_] [Parent] BH direction advance
[DBG|_____|___|_] ## this: f5aa90ac
[INF|BRHND|___|_] [BranchHandler] next instr 0xf6a116ea
[INF|BRHND|___|_] [Parent] BH direction advance
[DBG|_____|___|_] ## this: f5aa90ac
[INF|BRHND|___|_] [BranchHandler] next instr 0xf6a116f0
[INF|BRHND|___|_] [Parent] BH direction advance
[DBG|_____|___|_] ## this: f5aa90ac
[INF|BRHND|___|_] [BranchHandler] next instr 0xf6a117c2
[INF|BRHND|___|_] [Parent] BH direction advance
[DBG|_____|___|_] ## this: f5aa90ac
[INF|BRHND|___|_] [BranchHandler] next instr 0xf672aeee
[INF|BRHND|___|_] [Parent] BH direction other
[INF|BRHND|___|_] [BranchHandler] next instr 0xf6a117af
[INF|BRHND|___|_] [Parent] BH direction advance
[INF|BRHND|___|_] [BranchHandler] next instr 0xf6a116e0
[INF|BRHND|___|_] [Parent] BH direction advance
[INF|BRHND|___|_] [BranchHandler] next instr 0xf6a116ea
[INF|BRHND|___|_] [Parent] BH direction advance
[INF|BRHND|___|_] [BranchHandler] next instr 0xf6a116f0
[INF|BRHND|___|_] [Parent] BH direction advance
[INF|BRHND|___|_] [BranchHandler] next instr 0xf6a117c2
[INF|BRHND|___|_] [Parent] BH direction advance
[INF|BRHND|___|_] [BranchHandler] next instr 0xf672aeee
[INF|BRHND|___|_] [Parent] BH direction other
[INF|CNTNR|___|_] Done. ret = 0

 next instr 0xf6a567af
[INF|BRHND|___|_] [Parent] BH direction advance
[INF|BRHND|___|_] [BranchHandler] next instr 0xf6a566e0
[INF|BRHND|___|_] [Parent] BH direction advance
[INF|BRHND|___|_] [BranchHandler] next instr 0xf6a566ea
[INF|BRHND|___|_] [Parent] BH direction advance
[INF|BRHND|___|_] [BranchHandler] next instr 0xf6a566f0
[INF|BRHND|___|_] [Parent] BH direction advance
[INF|BRHND|___|_] [BranchHandler] next instr 0xf6a567c2
[INF|BRHND|___|_] [Parent] BH direction advance
[INF|BRHND|___|_] [BranchHandler] next instr 0xf676feee
[INF|BRHND|___|_] [Parent] BH direction other
[INF|BRHND|___|_] [BranchHandler] next instr 0xf6a567af
[INF|BRHND|___|_] [Parent] BH direction advance
[INF|BRHND|___|_] [BranchHandler] next instr 0xf6a566e0
[INF|BRHND|___|_] [Parent] BH direction advance
[INF|BRHND|___|_] [BranchHandler] next instr 0xf6a566ea
[INF|BRHND|___|_] [Parent] BH direction advance
[INF|BRHND|___|_] [BranchHandler] next instr 0xf6a566f0
[INF|BRHND|___|_] [Parent] BH direction advance
[INF|BRHND|___|_] [BranchHandler] next instr 0xf6a567c2
[INF|BRHND|___|_] [Parent] BH direction advance
[INF|BRHND|___|_] [BranchHandler] next instr 0xf676feee
[INF|BRHND|___|_] [Parent] BH direction other
[INF|CNTNR|___|_] Done. ret = 0

