## stdin ##
/home/ciprian/symexec/build/lib/libhttp-parser.so + 000072C8 (   6)
/home/ciprian/symexec/build/lib/libhttp-parser.so + 00007264 (   6)
/home/ciprian/symexec/build/lib/libhttp-parser.so + 00006AC2 (   7)
/home/ciprian/symexec/build/lib/libc.so.6 + 00070D80 (   3)
/home/ciprian/symexec/build/lib/libc.so.6 + 0011F9A1 (   2)
/home/ciprian/symexec/build/lib/libc.so.6 + 00070D87 (   7)
/home/ciprian/symexec/build/lib/libc.so.6 + 00070DA2 (   5)
/home/ciprian/symexec/build/lib/libc.so.6 + 00070DB6 (   3)
/home/ciprian/symexec/build/lib/libc.so.6 + 00070E20 (   3)
/home/ciprian/symexec/build/lib/libc.so.6 + 00070E2F (   2)
/home/ciprian/symexec/build/lib/libc.so.6 + 00070E3C (   3)
/home/ciprian/symexec/build/lib/libc.so.6 + 0006EF40 (   5)
/home/ciprian/symexec/build/lib/libc.so.6 + 0011F9A5 (   2)
/home/ciprian/symexec/build/lib/libc.so.6 + 0006EF49 (   5)
/home/ciprian/symexec/build/lib/libc.so.6 + 0006EF5F (  12)
/home/ciprian/symexec/build/lib/libc.so.6 + 0006EF86 (   4)
/home/ciprian/symexec/build/lib/libc.so.6 + 0006EF96 (   8)
/home/ciprian/symexec/build/lib/libc.so.6 + 0006EFF1 (   3)
/home/ciprian/symexec/build/lib/libc.so.6 + 0006EFFC (   7)
/home/ciprian/symexec/build/lib/libc.so.6 + 0006F07F (  39)
/home/ciprian/symexec/build/lib/libc.so.6 + 0006F144 (   3)
/home/ciprian/symexec/build/lib/libc.so.6 + 0006F150 (   4)
/home/ciprian/symexec/build/lib/libc.so.6 + 0006F15F (   2)
/home/ciprian/symexec/build/lib/libc.so.6 + 0006F16B (   3)
/home/ciprian/symexec/build/lib/libc.so.6 + 0006F178 (   2)
/home/ciprian/symexec/build/lib/libc.so.6 + 0006F2F8 (   2)
/home/ciprian/symexec/build/lib/libc.so.6 + 0006F181 (   5)
/home/ciprian/symexec/build/lib/libc.so.6 + 0006F194 (   2)
/home/ciprian/symexec/build/lib/libc.so.6 + 0006F1A0 (   4)
/home/ciprian/symexec/build/lib/libc.so.6 + 0006F1AA (   7)
/home/ciprian/symexec/build/lib/libc.so.6 + 0006F253 (   4)
/home/ciprian/symexec/build/lib/libc.so.6 + 0006F116 (  12)
/home/ciprian/symexec/build/lib/libc.so.6 + 0006F144 (   3)
/home/ciprian/symexec/build/lib/libc.so.6 + 0006F3D9 (   2)
/home/ciprian/symexec/build/lib/libc.so.6 + 0006F3E7 (  10)
/home/ciprian/symexec/build/lib/libc.so.6 + 0006F409 (   2)
/home/ciprian/symexec/build/lib/libc.so.6 + 0006F41B (   2)
/home/ciprian/symexec/build/lib/libc.so.6 + 0006F410 (   3)
/home/ciprian/symexec/build/lib/libc.so.6 + 0006F41B (   2)
/home/ciprian/symexec/build/lib/libc.so.6 + 0006F41F (   3)
/home/ciprian/symexec/build/lib/libc.so.6 + 0006F42A (   7)
/home/ciprian/symexec/build/lib/libc.so.6 + 0006F405 (   2)
/home/ciprian/symexec/build/lib/libc.so.6 + 0006F409 (   2)
/home/ciprian/symexec/build/lib/libc.so.6 + 0006F41B (   2)
/home/ciprian/symexec/build/lib/libc.so.6 + 0006F410 (   3)
/home/ciprian/symexec/build/lib/libc.so.6 + 0006F41B (   2)
/home/ciprian/symexec/build/lib/libc.so.6 + 0006F410 (   3)
/home/ciprian/symexec/build/lib/libc.so.6 + 0006F41B (   2)
/home/ciprian/symexec/build/lib/libc.so.6 + 0006F410 (   3)
/home/ciprian/symexec/build/lib/libc.so.6 + 0006F41B (   2)
/home/ciprian/symexec/build/lib/libc.so.6 + 0006F410 (   3)
/home/ciprian/symexec/build/lib/libc.so.6 + 0006F41B (   2)
/home/ciprian/symexec/build/lib/libc.so.6 + 0006F410 (   3)
/home/ciprian/symexec/build/lib/libc.so.6 + 0006F41B (   2)
/home/ciprian/symexec/build/lib/libc.so.6 + 0006F410 (   3)
/home/ciprian/symexec/build/lib/libc.so.6 + 0006F41B (   2)
/home/ciprian/symexec/build/lib/libc.so.6 + 0006F410 (   3)
/home/ciprian/symexec/build/lib/libc.so.6 + 0006F41B (   2)
/home/ciprian/symexec/build/lib/libc.so.6 + 0006F410 (   3)
/home/ciprian/symexec/build/lib/libc.so.6 + 0006F41B (   2)
/home/ciprian/symexec/build/lib/libc.so.6 + 0006F410 (   3)
/home/ciprian/symexec/build/lib/libc.so.6 + 0006F41B (   2)
/home/ciprian/symexec/build/lib/libc.so.6 + 0006F410 (   3)
/home/ciprian/symexec/build/lib/libc.so.6 + 0006F41B (   2)
/home/ciprian/symexec/build/lib/libc.so.6 + 0006F410 (   3)
/home/ciprian/symexec/build/lib/libc.so.6 + 0006F41B (   2)
/home/ciprian/symexec/build/lib/libc.so.6 + 0006F410 (   3)
/home/ciprian/symexec/build/lib/libc.so.6 + 0006F41B (   2)
/home/ciprian/symexec/build/lib/libc.so.6 + 0006F410 (   3)
/home/ciprian/symexec/build/lib/libc.so.6 + 0006F41B (   2)
/home/ciprian/symexec/build/lib/libc.so.6 + 0006F410 (   3)
/home/ciprian/symexec/build/lib/libc.so.6 + 0006F41B (   2)
/home/ciprian/symexec/build/lib/libc.so.6 + 0006F41F (   3)
/home/ciprian/symexec/build/lib/libc.so.6 + 0006F42A (   7)
/home/ciprian/symexec/build/lib/libc.so.6 + 0006F405 (   2)
/home/ciprian/symexec/build/lib/libc.so.6 + 0006F44F (   3)
/home/ciprian/symexec/build/lib/libc.so.6 + 0006F440 (   3)
/home/ciprian/symexec/build/lib/libc.so.6 + 0006F4F8 (   5)
/home/ciprian/symexec/build/lib/libc.so.6 + 0006F41B (   2)
/home/ciprian/symexec/build/lib/libc.so.6 + 0006F410 (   3)
/home/ciprian/symexec/build/lib/libc.so.6 + 0006F41B (   2)
/home/ciprian/symexec/build/lib/libc.so.6 + 0006F410 (   3)
/home/ciprian/symexec/build/lib/libc.so.6 + 0006F41B (   2)
/home/ciprian/symexec/build/lib/libc.so.6 + 0006F41F (   3)
/home/ciprian/symexec/build/lib/libc.so.6 + 0006F42A (   7)
/home/ciprian/symexec/build/lib/libc.so.6 + 0006F405 (   2)
/home/ciprian/symexec/build/lib/libc.so.6 + 0006F409 (   2)
/home/ciprian/symexec/build/lib/libc.so.6 + 0006F41B (   2)
/home/ciprian/symexec/build/lib/libc.so.6 + 0006F410 (   3)
/home/ciprian/symexec/build/lib/libc.so.6 + 0006F41B (   2)
/home/ciprian/symexec/build/lib/libc.so.6 + 0006F410 (   3)
/home/ciprian/symexec/build/lib/libc.so.6 + 0006F41B (   2)
/home/ciprian/symexec/build/lib/libc.so.6 + 0006F410 (   3)
/home/ciprian/symexec/build/lib/libc.so.6 + 0006F41B (   2)
/home/ciprian/symexec/build/lib/libc.so.6 + 0006F410 (   3)
/home/ciprian/symexec/build/lib/libc.so.6 + 0006F41B (   2)
/home/ciprian/symexec/build/lib/libc.so.6 + 0006F410 (   3)
/home/ciprian/symexec/build/lib/libc.so.6 + 0006F41B (   2)
/home/ciprian/symexec/build/lib/libc.so.6 + 0006F410 (   3)
/home/ciprian/symexec/build/lib/libc.so.6 + 0006F41B (   2)
/home/ciprian/symexec/build/lib/libc.so.6 + 0006F410 (   3)
/home/ciprian/symexec/build/lib/libc.so.6 + 0006F41B (   2)
/home/ciprian/symexec/build/lib/libc.so.6 + 0006F410 (   3)
/home/ciprian/symexec/build/lib/libc.so.6 + 0006F41B (   2)
/home/ciprian/symexec/build/lib/libc.so.6 + 0006F410 (   3)
/home/ciprian/symexec/build/lib/libc.so.6 + 0006F41B (   2)
/home/ciprian/symexec/build/lib/libc.so.6 + 0006F41F (   3)
/home/ciprian/symexec/build/lib/libc.so.6 + 0006F42A (   7)
/home/ciprian/symexec/build/lib/libc.so.6 + 0006F405 (   2)
/home/ciprian/symexec/build/lib/libc.so.6 + 0006F409 (   2)
/home/ciprian/symexec/build/lib/libc.so.6 + 0006F41B (   2)
/home/ciprian/symexec/build/lib/libc.so.6 + 0006F410 (   3)
/home/ciprian/symexec/build/lib/libc.so.6 + 0006F41B (   2)
/home/ciprian/symexec/build/lib/libc.so.6 + 0006F410 (   3)
/home/ciprian/symexec/build/lib/libc.so.6 + 0006F41B (   2)
/home/ciprian/symexec/build/lib/libc.so.6 + 0006F410 (   3)
/home/ciprian/symexec/build/lib/libc.so.6 + 0006F41B (   2)
/home/ciprian/symexec/build/lib/libc.so.6 + 0006F410 (   3)
/home/ciprian/symexec/build/lib/libc.so.6 + 0006F41B (   2)
/home/ciprian/symexec/build/lib/libc.so.6 + 0006F410 (   3)
/home/ciprian/symexec/build/lib/libc.so.6 + 0006F41B (   2)
/home/ciprian/symexec/build/lib/libc.so.6 + 0006F410 (   3)
/home/ciprian/symexec/build/lib/libc.so.6 + 0006F41B (   2)
/home/ciprian/symexec/build/lib/libc.so.6 + 0006F410 (   3)
/home/ciprian/symexec/build/lib/libc.so.6 + 0006F41B (   2)
/home/ciprian/symexec/build/lib/libc.so.6 + 0006F410 (   3)
/home/ciprian/symexec/build/lib/libc.so.6 + 0006F41B (   2)
/home/ciprian/symexec/build/lib/libc.so.6 + 0006F410 (   3)
/home/ciprian/symexec/build/lib/libc.so.6 + 0006F41B (   2)
/home/ciprian/symexec/build/lib/libc.so.6 + 0006F410 (   3)
/home/ciprian/symexec/build/lib/libc.so.6 + 0006F41B (   2)
/home/ciprian/symexec/build/lib/libc.so.6 + 0006F410 (   3)
/home/ciprian/symexec/build/lib/libc.so.6 + 0006F41B (   2)
/home/ciprian/symexec/build/lib/libc.so.6 + 0006F410 (   3)
/home/ciprian/symexec/build/lib/libc.so.6 + 0006F41B (   2)
/home/ciprian/symexec/build/lib/libc.so.6 + 0006F410 (   3)
/home/ciprian/symexec/build/lib/libc.so.6 + 0006F41B (   2)
/home/ciprian/symexec/build/lib/libc.so.6 + 0006F410 (   3)
/home/ciprian/symexec/build/lib/libc.so.6 + 0006F41B (   2)
/home/ciprian/symexec/build/lib/libc.so.6 + 0006F410 (   3)
/home/ciprian/symexec/build/lib/libc.so.6 + 0006F41B (   2)
/home/ciprian/symexec/build/lib/libc.so.6 + 0006F410 (   3)
/home/ciprian/symexec/build/lib/libc.so.6 + 0006F41B (   2)
/home/ciprian/symexec/build/lib/libc.so.6 + 0006F410 (   3)
/home/ciprian/symexec/build/lib/libc.so.6 + 0006F41B (   2)
/home/ciprian/symexec/build/lib/libc.so.6 + 0006F41F (   3)
/home/ciprian/symexec/build/lib/libc.so.6 + 0006F42A (   7)
/home/ciprian/symexec/build/lib/libc.so.6 + 0006F405 (   2)
/home/ciprian/symexec/build/lib/libc.so.6 + 0006F44F (   3)
/home/ciprian/symexec/build/lib/libc.so.6 + 0006F440 (   3)
/home/ciprian/symexec/build/lib/libc.so.6 + 0006F4F8 (   5)
/home/ciprian/symexec/build/lib/libc.so.6 + 0006F41B (   2)
/home/ciprian/symexec/build/lib/libc.so.6 + 0006F410 (   3)
/home/ciprian/symexec/build/lib/libc.so.6 + 0006F41B (   2)
/home/ciprian/symexec/build/lib/libc.so.6 + 0006F410 (   3)
/home/ciprian/symexec/build/lib/libc.so.6 + 0006F41B (   2)
/home/ciprian/symexec/build/lib/libc.so.6 + 0006F410 (   3)
/home/ciprian/symexec/build/lib/libc.so.6 + 0006F41B (   2)
/home/ciprian/symexec/build/lib/libc.so.6 + 0006F410 (   3)
/home/ciprian/symexec/build/lib/libc.so.6 + 0006F41B (   2)
/home/ciprian/symexec/build/lib/libc.so.6 + 0006F410 (   3)
/home/ciprian/symexec/build/lib/libc.so.6 + 0006F41B (   2)
/home/ciprian/symexec/build/lib/libc.so.6 + 0006F410 (   3)
/home/ciprian/symexec/build/lib/libc.so.6 + 0006F41B (   2)
/home/ciprian/symexec/build/lib/libc.so.6 + 0006F41F (   3)
/home/ciprian/symexec/build/lib/libc.so.6 + 0006F42A (   7)
/home/ciprian/symexec/build/lib/libc.so.6 + 0006F405 (   2)
/home/ciprian/symexec/build/lib/libc.so.6 + 0006F409 (   2)
/home/ciprian/symexec/build/lib/libc.so.6 + 0006F41B (   2)
/home/ciprian/symexec/build/lib/libc.so.6 + 0006F410 (   3)
/home/ciprian/symexec/build/lib/libc.so.6 + 0006F41B (   2)
/home/ciprian/symexec/build/lib/libc.so.6 + 0006F410 (   3)
/home/ciprian/symexec/build/lib/libc.so.6 + 0006F41B (   2)
/home/ciprian/symexec/build/lib/libc.so.6 + 0006F41F (   3)
/home/ciprian/symexec/build/lib/libc.so.6 + 0006F6CA (   6)
/home/ciprian/symexec/build/lib/libc.so.6 + 0006F6E0 (   8)
/home/ciprian/symexec/build/lib/libc.so.6 + 0006F6FD (   2)
/home/ciprian/symexec/build/lib/libc.so.6 + 0006F706 (   4)
/home/ciprian/symexec/build/lib/libc.so.6 + 0006F714 (   3)
/home/ciprian/symexec/build/lib/libc.so.6 + 0006F8D4 (   2)
/home/ciprian/symexec/build/lib/libc.so.6 + 0006F8D9 (   3)
/home/ciprian/symexec/build/lib/libc.so.6 + 0006F8E1 (   3)
/home/ciprian/symexec/build/lib/libc.so.6 + 0006F8E8 (   5)
/home/ciprian/symexec/build/lib/libc.so.6 + 0006F71F (   2)
/home/ciprian/symexec/build/lib/libc.so.6 + 0006F783 (   4)
/home/ciprian/symexec/build/lib/libc.so.6 + 0006F792 (   9)
/home/ciprian/symexec/build/lib/libc.so.6 + 0006F7AE (   3)
/home/ciprian/symexec/build/lib/libc.so.6 + 0006F7BB (  19)
/home/ciprian/symexec/build/lib/libc.so.6 + 0006F203 (   5)
/home/ciprian/symexec/build/lib/libc.so.6 + 0006F218 (   7)
/home/ciprian/symexec/build/lib/libc.so.6 + 00070E45 (   3)
/home/ciprian/symexec/build/lib/libc.so.6 + 00070DDC (   2)
/home/ciprian/symexec/build/lib/libc.so.6 + 00070DE6 (   2)
/home/ciprian/symexec/build/lib/libc.so.6 + 00070DF3 (   2)
/home/ciprian/symexec/build/lib/libc.so.6 + 00070DFB (   3)
/home/ciprian/symexec/build/lib/libc.so.6 + 00070E02 (   3)
/home/ciprian/symexec/build/lib/libc.so.6 + 00070E0C (   5)
/home/ciprian/symexec/build/lib/libc.so.6 + 00070E1A (   5)
/home/ciprian/symexec/build/lib/libhttp-parser.so + 00006ADC (   7)
/home/ciprian/symexec/build/lib/libhttp-parser.so + 000062F8 (  11)
/home/ciprian/symexec/build/lib/libc.so.6 + 00125980 (   6)
/home/ciprian/symexec/build/lib/libc.so.6 + 00076EB1 (   3)
/home/ciprian/symexec/build/lib/libc.so.6 + 00076EC9 (  10)
/home/ciprian/symexec/build/lib/libhttp-parser.so + 00006316 (  16)
/home/ciprian/symexec/build/lib/libhttp-parser.so + 0000634F (  17)
/home/ciprian/symexec/build/lib/libhttp-parser.so + 00006AF5 (   7)
/home/ciprian/symexec/build/lib/libc.so.6 + 00125980 (   6)
/home/ciprian/symexec/build/lib/libc.so.6 + 00076EB1 (   3)
/home/ciprian/symexec/build/lib/libc.so.6 + 00076EC9 (  10)
/home/ciprian/symexec/build/lib/libhttp-parser.so + 00006B0E (   4)
/home/ciprian/symexec/build/lib/libhttp-parser.so + 00007274 (   5)
/home/ciprian/symexec/build/lib/libc.so.6 + 0007E2D0 (   4)
/home/ciprian/symexec/build/lib/libc.so.6 + 00075481 (   6)
/home/ciprian/symexec/build/lib/libc.so.6 + 00075491 (   3)
/home/ciprian/symexec/build/lib/libc.so.6 + 0007549B (   6)
/home/ciprian/symexec/build/lib/libc.so.6 + 000754AB (   3)
/home/ciprian/symexec/build/lib/libc.so.6 + 000754B5 (   6)
/home/ciprian/symexec/build/lib/libc.so.6 + 000754C5 (   3)
/home/ciprian/symexec/build/lib/libc.so.6 + 000754CF (   6)
/home/ciprian/symexec/build/lib/libc.so.6 + 000754DF (   3)
/home/ciprian/symexec/build/lib/libc.so.6 + 00075481 (   6)
/home/ciprian/symexec/build/lib/libc.so.6 + 00075491 (   3)
/home/ciprian/symexec/build/lib/libc.so.6 + 0007549B (   6)
/home/ciprian/symexec/build/lib/libc.so.6 + 000754AB (   3)
/home/ciprian/symexec/build/lib/libc.so.6 + 000754B5 (   6)
/home/ciprian/symexec/build/lib/libc.so.6 + 000754C5 (   3)
/home/ciprian/symexec/build/lib/libc.so.6 + 000754CF (   6)
/home/ciprian/symexec/build/lib/libc.so.6 + 000754DF (   3)
/home/ciprian/symexec/build/lib/libc.so.6 + 00075481 (   6)
/home/ciprian/symexec/build/lib/libc.so.6 + 00075491 (   3)
/home/ciprian/symexec/build/lib/libc.so.6 + 0007549B (   6)
/home/ciprian/symexec/build/lib/libc.so.6 + 000754AB (   3)
/home/ciprian/symexec/build/lib/libc.so.6 + 000754B5 (   6)
/home/ciprian/symexec/build/lib/libc.so.6 + 000754C5 (   3)
/home/ciprian/symexec/build/lib/libc.so.6 + 000754CF (   6)
/home/ciprian/symexec/build/lib/libc.so.6 + 000754DF (   3)
/home/ciprian/symexec/build/lib/libc.so.6 + 00075481 (   6)
/home/ciprian/symexec/build/lib/libc.so.6 + 00075491 (   3)
/home/ciprian/symexec/build/lib/libc.so.6 + 0007549B (   6)
/home/ciprian/symexec/build/lib/libc.so.6 + 000754AB (   3)
/home/ciprian/symexec/build/lib/libc.so.6 + 000754B5 (   6)
/home/ciprian/symexec/build/lib/libc.so.6 + 000754E9 (   4)
/home/ciprian/symexec/build/lib/libc.so.6 + 000754F7 (   3)
/home/ciprian/symexec/build/lib/libc.so.6 + 00075506 (   2)
/home/ciprian/symexec/build/lib/libhttp-parser.so + 00007284 (   5)
/home/ciprian/symexec/build/lib/libhttp-parser.so + 0000722E (  13)
/home/ciprian/symexec/build/lib/libhttp-parser.so + 000021CB (  27)
/home/ciprian/symexec/build/lib/libhttp-parser.so + 00002232 (   2)
/home/ciprian/symexec/build/lib/libhttp-parser.so + 0000235A (   2)
/home/ciprian/symexec/build/lib/libhttp-parser.so + 00002366 (   2)
/home/ciprian/symexec/build/lib/libhttp-parser.so + 00002372 (   3)
/home/ciprian/symexec/build/lib/libhttp-parser.so + 0000237A (   2)
/home/ciprian/symexec/build/lib/libhttp-parser.so + 0000237F (   3)
/home/ciprian/symexec/build/lib/libhttp-parser.so + 00002397 (   4)
/home/ciprian/symexec/build/lib/libhttp-parser.so + 00005CAB (   5)
/home/ciprian/symexec/build/lib/libhttp-parser.so + 000023A3 (   5)
/home/ciprian/symexec/build/lib/libhttp-parser.so + 000023B1 (  12)
/home/ciprian/symexec/build/lib/libhttp-parser.so + 000023E9 (   2)
/home/ciprian/symexec/build/lib/libhttp-parser.so + 000023F3 (   5)
/home/ciprian/symexec/build/lib/libhttp-parser.so + 00002C77 (   2)
/home/ciprian/symexec/build/lib/libhttp-parser.so + 00002C81 (   2)
/home/ciprian/symexec/build/lib/libhttp-parser.so + 00002C8B (  14)
/home/ciprian/symexec/build/lib/libhttp-parser.so + 00002CBB (   7)
/home/ciprian/symexec/build/lib/libhttp-parser.so + 00002CE1 (  11)
/home/ciprian/symexec/build/lib/libhttp-parser.so + 00002DA0 (   6)
/home/ciprian/symexec/build/lib/libhttp-parser.so + 0000618E (   5)
/home/ciprian/symexec/build/lib/libhttp-parser.so + 000061AA (  19)
/home/ciprian/symexec/build/lib/libhttp-parser.so + 00007259 (   5)
/home/ciprian/symexec/build/lib/libhttp-parser.so + 00007293 (  10)
/home/ciprian/symexec/build/lib/libhttp-parser.so + 0000722E (  13)
/home/ciprian/symexec/build/lib/libhttp-parser.so + 000021CB (  27)
/home/ciprian/symexec/build/lib/libhttp-parser.so + 00002228 (   2)
/home/ciprian/symexec/build/lib/libhttp-parser.so + 000061D6 (   3)
/home/ciprian/symexec/build/lib/libhttp-parser.so + 00007259 (   5)
/home/ciprian/symexec/build/lib/libhttp-parser.so + 000072B3 (   2)
/home/ciprian/symexec/build/lib/libhttp-parser.so + 00006B14 (   7)
/home/ciprian/symexec/build/lib/libc.so.6 + 000712F0 (   2)
/home/ciprian/symexec/build/lib/libc.so.6 + 0011F995 (   2)
/home/ciprian/symexec/build/lib/libc.so.6 + 000712F6 (   7)
/home/ciprian/symexec/build/lib/libc.so.6 + 0007130F (   2)
/home/ciprian/symexec/build/lib/libc.so.6 + 00071313 (   4)
/home/ciprian/symexec/build/lib/libc.so.6 + 0007131E (   3)
/home/ciprian/symexec/build/lib/libc.so.6 + 00071329 (   7)
/home/ciprian/symexec/build/lib/libc.so.6 + 0006DA90 (   5)
/home/ciprian/symexec/build/lib/libc.so.6 + 0011F995 (   2)
/home/ciprian/symexec/build/lib/libc.so.6 + 0006DA99 (  13)
/home/ciprian/symexec/build/lib/libc.so.6 + 0006DAC3 (   2)
/home/ciprian/symexec/build/lib/libc.so.6 + 0006DACC (   2)
/home/ciprian/symexec/build/lib/libc.so.6 + 0006DAD5 (   3)
/home/ciprian/symexec/build/lib/libc.so.6 + 0006DAE5 (   4)
/home/ciprian/symexec/build/lib/libc.so.6 + 0006DAF4 (   4)
/home/ciprian/symexec/build/lib/libc.so.6 + 0006DB06 (   6)
/home/ciprian/symexec/build/lib/libc.so.6 + 0006DB1F (   3)
/home/ciprian/symexec/build/lib/libc.so.6 + 0006DB2C (   7)
/home/ciprian/symexec/build/lib/libc.so.6 + 0006DB43 (   5)
/home/ciprian/symexec/build/lib/libc.so.6 + 0006DB5A (   4)
/home/ciprian/symexec/build/lib/libc.so.6 + 0006DB6E (   4)
/home/ciprian/symexec/build/lib/libc.so.6 + 0006DB7D (   3)
/home/ciprian/symexec/build/lib/libc.so.6 + 0006E090 (   2)
/home/ciprian/symexec/build/lib/libc.so.6 + 0006E098 (   2)
/home/ciprian/symexec/build/lib/libc.so.6 + 0006DBB4 (   6)
/home/ciprian/symexec/build/lib/libhttp-parser.so + 00006B28 (   5)
/home/ciprian/symexec/build/lib/libhttp-parser.so + 000072BB (   4)
/home/ciprian/symexec/build/lib/libhttp-parser.so + 000072DB (   4)
